[ 2016-11-14T15:12:51+08:00 ] 127.0.0.1 /thinkphp/index.php?_ijt=ck7tuj83bsq0rpcqd72ompv82v
INFO: [ app_init ] --START--
INFO: Run Behavior\BuildLiteBehavior [ RunTime:0.000020s ]
INFO: [ app_init ] --END-- [ RunTime:0.001024s ]
INFO: [ app_begin ] --START--
INFO: Run Behavior\ReadHtmlCacheBehavior [ RunTime:0.003910s ]
INFO: [ app_begin ] --END-- [ RunTime:0.004038s ]
INFO: [ view_parse ] --START--
INFO: [ template_filter ] --START--
INFO: Run Behavior\ContentReplaceBehavior [ RunTime:0.004845s ]
INFO: [ template_filter ] --END-- [ RunTime:0.004939s ]

[ 2016-11-14T15:25:16+08:00 ] 127.0.0.1 /thinkphp/index.php?_ijt=ck7tuj83bsq0rpcqd72ompv82v
INFO: [ app_init ] --START--
INFO: Run Behavior\BuildLiteBehavior [ RunTime:0.000024s ]
INFO: [ app_init ] --END-- [ RunTime:0.003855s ]
INFO: [ app_begin ] --START--
INFO: Run Behavior\ReadHtmlCacheBehavior [ RunTime:0.005694s ]
INFO: [ app_begin ] --END-- [ RunTime:0.005847s ]
INFO: [ view_parse ] --START--

[ 2016-11-14T15:25:31+08:00 ] 127.0.0.1 /thinkphp/index.php?_ijt=ck7tuj83bsq0rpcqd72ompv82v
INFO: [ app_init ] --START--
INFO: Run Behavior\BuildLiteBehavior [ RunTime:0.000025s ]
INFO: [ app_init ] --END-- [ RunTime:0.003758s ]
INFO: [ app_begin ] --START--
INFO: Run Behavior\ReadHtmlCacheBehavior [ RunTime:0.003806s ]
INFO: [ app_begin ] --END-- [ RunTime:0.003896s ]
INFO: [ view_parse ] --START--
INFO: [ template_filter ] --START--
INFO: Run Behavior\ContentReplaceBehavior [ RunTime:0.000123s ]
INFO: [ template_filter ] --END-- [ RunTime:0.000185s ]

[ 2016-11-14T15:26:04+08:00 ] 127.0.0.1 /thinkphp/index.php?_ijt=ck7tuj83bsq0rpcqd72ompv82v
INFO: [ app_init ] --START--
INFO: Run Behavior\BuildLiteBehavior [ RunTime:0.000025s ]
INFO: [ app_init ] --END-- [ RunTime:0.003871s ]
INFO: [ app_begin ] --START--
INFO: Run Behavior\ReadHtmlCacheBehavior [ RunTime:0.003795s ]
INFO: [ app_begin ] --END-- [ RunTime:0.003884s ]
INFO: [ view_parse ] --START--
INFO: [ template_filter ] --START--
INFO: Run Behavior\ContentReplaceBehavior [ RunTime:0.000080s ]
INFO: [ template_filter ] --END-- [ RunTime:0.000134s ]

[ 2016-11-14T15:26:55+08:00 ] 127.0.0.1 /thinkphp/index.php?_ijt=ck7tuj83bsq0rpcqd72ompv82v
INFO: [ app_init ] --START--
INFO: Run Behavior\BuildLiteBehavior [ RunTime:0.000020s ]
INFO: [ app_init ] --END-- [ RunTime:0.000704s ]
INFO: [ app_begin ] --START--
INFO: Run Behavior\ReadHtmlCacheBehavior [ RunTime:0.003908s ]
INFO: [ app_begin ] --END-- [ RunTime:0.003999s ]
INFO: [ view_parse ] --START--
INFO: [ template_filter ] --START--
INFO: Run Behavior\ContentReplaceBehavior [ RunTime:0.000100s ]
INFO: [ template_filter ] --END-- [ RunTime:0.000166s ]

[ 2016-11-14T15:42:52+08:00 ] 127.0.0.1 /thinkphp/index.php?_ijt=ck7tuj83bsq0rpcqd72ompv82v
INFO: [ app_init ] --START--
INFO: Run Behavior\BuildLiteBehavior [ RunTime:0.000023s ]
INFO: [ app_init ] --END-- [ RunTime:0.003917s ]
INFO: [ app_begin ] --START--
INFO: Run Behavior\ReadHtmlCacheBehavior [ RunTime:0.004135s ]
INFO: [ app_begin ] --END-- [ RunTime:0.004263s ]
INFO: [ view_parse ] --START--
INFO: [ template_filter ] --START--
INFO: Run Behavior\ContentReplaceBehavior [ RunTime:0.000128s ]
INFO: [ template_filter ] --END-- [ RunTime:0.000169s ]

[ 2016-11-14T15:44:41+08:00 ] 127.0.0.1 /thinkphp/index.php?_ijt=ck7tuj83bsq0rpcqd72ompv82v
INFO: [ app_init ] --START--
INFO: Run Behavior\BuildLiteBehavior [ RunTime:0.000023s ]
INFO: [ app_init ] --END-- [ RunTime:0.003790s ]
INFO: [ app_begin ] --START--
INFO: Run Behavior\ReadHtmlCacheBehavior [ RunTime:0.004019s ]
INFO: [ app_begin ] --END-- [ RunTime:0.004106s ]
INFO: [ view_parse ] --START--
INFO: [ template_filter ] --START--
INFO: Run Behavior\ContentReplaceBehavior [ RunTime:0.000081s ]
INFO: [ template_filter ] --END-- [ RunTime:0.000149s ]

[ 2016-11-14T15:55:50+08:00 ] 127.0.0.1 /thinkphp/index.php?_ijt=ck7tuj83bsq0rpcqd72ompv82v
INFO: [ app_init ] --START--
INFO: Run Behavior\BuildLiteBehavior [ RunTime:0.000023s ]
INFO: [ app_init ] --END-- [ RunTime:0.003682s ]
INFO: [ app_begin ] --START--
INFO: Run Behavior\ReadHtmlCacheBehavior [ RunTime:0.004048s ]
INFO: [ app_begin ] --END-- [ RunTime:0.004212s ]
INFO: [ view_parse ] --START--
INFO: [ template_filter ] --START--
INFO: Run Behavior\ContentReplaceBehavior [ RunTime:0.000161s ]
INFO: [ template_filter ] --END-- [ RunTime:0.000231s ]
NOTIC: [8] Undefined variable: i /Users/zhangxue/ThinkPHP/thinkphp/Apps/Runtime/Cache/Views/40d8c5e2154c7c692f35b06eaeb75940.php 第 125 行.
NOTIC: [8] Undefined variable: i /Users/zhangxue/ThinkPHP/thinkphp/Apps/Runtime/Cache/Views/40d8c5e2154c7c692f35b06eaeb75940.php 第 128 行.
NOTIC: [8] Undefined variable: i /Users/zhangxue/ThinkPHP/thinkphp/Apps/Runtime/Cache/Views/40d8c5e2154c7c692f35b06eaeb75940.php 第 129 行.
NOTIC: [8] Undefined variable: i /Users/zhangxue/ThinkPHP/thinkphp/Apps/Runtime/Cache/Views/40d8c5e2154c7c692f35b06eaeb75940.php 第 134 行.
NOTIC: [8] Undefined variable: i /Users/zhangxue/ThinkPHP/thinkphp/Apps/Runtime/Cache/Views/40d8c5e2154c7c692f35b06eaeb75940.php 第 134 行.
NOTIC: [8] Undefined variable: friend /Users/zhangxue/ThinkPHP/thinkphp/Apps/Runtime/Cache/Views/40d8c5e2154c7c692f35b06eaeb75940.php 第 167 行.
NOTIC: [8] Undefined variable: tag /Users/zhangxue/ThinkPHP/thinkphp/Apps/Runtime/Cache/Views/40d8c5e2154c7c692f35b06eaeb75940.php 第 178 行.
NOTIC: [8] Undefined variable: i /Users/zhangxue/ThinkPHP/thinkphp/Apps/Runtime/Cache/Views/40d8c5e2154c7c692f35b06eaeb75940.php 第 195 行.
INFO: Run Behavior\ParseTemplateBehavior [ RunTime:0.028145s ]
INFO: [ view_parse ] --END-- [ RunTime:0.028280s ]
INFO: [ view_filter ] --START--
INFO: Run Behavior\WriteHtmlCacheBehavior [ RunTime:0.003693s ]
INFO: [ view_filter ] --END-- [ RunTime:0.003765s ]
INFO: [ app_end ] --START--
INFO: Run Behavior\ShowPageTraceBehavior [ RunTime:0.003895s ]
INFO: [ app_end ] --END-- [ RunTime:0.003992s ]

[ 2016-11-14T15:58:44+08:00 ] 127.0.0.1 /thinkphp/index.php?_ijt=ck7tuj83bsq0rpcqd72ompv82v
INFO: [ app_init ] --START--
INFO: Run Behavior\BuildLiteBehavior [ RunTime:0.000023s ]
INFO: [ app_init ] --END-- [ RunTime:0.003760s ]
INFO: [ app_begin ] --START--
INFO: Run Behavior\ReadHtmlCacheBehavior [ RunTime:0.003776s ]
INFO: [ app_begin ] --END-- [ RunTime:0.003864s ]
INFO: [ view_parse ] --START--
INFO: [ template_filter ] --START--
INFO: Run Behavior\ContentReplaceBehavior [ RunTime:0.000067s ]
INFO: [ template_filter ] --END-- [ RunTime:0.000138s ]
NOTIC: [8] Undefined variable: i /Users/zhangxue/ThinkPHP/thinkphp/Apps/Runtime/Cache/Views/40d8c5e2154c7c692f35b06eaeb75940.php 第 125 行.
NOTIC: [8] Undefined variable: i /Users/zhangxue/ThinkPHP/thinkphp/Apps/Runtime/Cache/Views/40d8c5e2154c7c692f35b06eaeb75940.php 第 128 行.
NOTIC: [8] Undefined variable: i /Users/zhangxue/ThinkPHP/thinkphp/Apps/Runtime/Cache/Views/40d8c5e2154c7c692f35b06eaeb75940.php 第 129 行.
NOTIC: [8] Undefined variable: i /Users/zhangxue/ThinkPHP/thinkphp/Apps/Runtime/Cache/Views/40d8c5e2154c7c692f35b06eaeb75940.php 第 134 行.
NOTIC: [8] Undefined variable: i /Users/zhangxue/ThinkPHP/thinkphp/Apps/Runtime/Cache/Views/40d8c5e2154c7c692f35b06eaeb75940.php 第 134 行.
NOTIC: [8] Undefined variable: friend /Users/zhangxue/ThinkPHP/thinkphp/Apps/Runtime/Cache/Views/40d8c5e2154c7c692f35b06eaeb75940.php 第 167 行.
NOTIC: [8] Undefined variable: tag /Users/zhangxue/ThinkPHP/thinkphp/Apps/Runtime/Cache/Views/40d8c5e2154c7c692f35b06eaeb75940.php 第 178 行.
NOTIC: [8] Undefined variable: i /Users/zhangxue/ThinkPHP/thinkphp/Apps/Runtime/Cache/Views/40d8c5e2154c7c692f35b06eaeb75940.php 第 195 行.
INFO: Run Behavior\ParseTemplateBehavior [ RunTime:0.025964s ]
INFO: [ view_parse ] --END-- [ RunTime:0.026029s ]
INFO: [ view_filter ] --START--
INFO: Run Behavior\WriteHtmlCacheBehavior [ RunTime:0.001243s ]
INFO: [ view_filter ] --END-- [ RunTime:0.001301s ]
INFO: [ app_end ] --START--
INFO: Run Behavior\ShowPageTraceBehavior [ RunTime:0.003707s ]
INFO: [ app_end ] --END-- [ RunTime:0.003774s ]

[ 2016-11-14T15:59:46+08:00 ] 127.0.0.1 /thinkphp/index.php?_ijt=r0i859f4j121rkp9rgjrtr35a2
INFO: [ app_init ] --START--
INFO: Run Behavior\BuildLiteBehavior [ RunTime:0.000022s ]
INFO: [ app_init ] --END-- [ RunTime:0.003957s ]
INFO: [ app_begin ] --START--
INFO: Run Behavior\ReadHtmlCacheBehavior [ RunTime:0.003956s ]
INFO: [ app_begin ] --END-- [ RunTime:0.004042s ]
INFO: [ view_parse ] --START--
INFO: [ template_filter ] --START--
INFO: Run Behavior\ContentReplaceBehavior [ RunTime:0.000057s ]
INFO: [ template_filter ] --END-- [ RunTime:0.000119s ]
NOTIC: [8] Undefined variable: i /Users/zhangxue/ThinkPHP/thinkphp/Apps/Runtime/Cache/Views/40d8c5e2154c7c692f35b06eaeb75940.php 第 125 行.
NOTIC: [8] Undefined variable: i /Users/zhangxue/ThinkPHP/thinkphp/Apps/Runtime/Cache/Views/40d8c5e2154c7c692f35b06eaeb75940.php 第 128 行.
NOTIC: [8] Undefined variable: i /Users/zhangxue/ThinkPHP/thinkphp/Apps/Runtime/Cache/Views/40d8c5e2154c7c692f35b06eaeb75940.php 第 129 行.
NOTIC: [8] Undefined variable: i /Users/zhangxue/ThinkPHP/thinkphp/Apps/Runtime/Cache/Views/40d8c5e2154c7c692f35b06eaeb75940.php 第 134 行.
NOTIC: [8] Undefined variable: i /Users/zhangxue/ThinkPHP/thinkphp/Apps/Runtime/Cache/Views/40d8c5e2154c7c692f35b06eaeb75940.php 第 134 行.
NOTIC: [8] Undefined variable: friend /Users/zhangxue/ThinkPHP/thinkphp/Apps/Runtime/Cache/Views/40d8c5e2154c7c692f35b06eaeb75940.php 第 167 行.
NOTIC: [8] Undefined variable: tag /Users/zhangxue/ThinkPHP/thinkphp/Apps/Runtime/Cache/Views/40d8c5e2154c7c692f35b06eaeb75940.php 第 178 行.
NOTIC: [8] Undefined variable: i /Users/zhangxue/ThinkPHP/thinkphp/Apps/Runtime/Cache/Views/40d8c5e2154c7c692f35b06eaeb75940.php 第 195 行.
INFO: Run Behavior\ParseTemplateBehavior [ RunTime:0.016024s ]
INFO: [ view_parse ] --END-- [ RunTime:0.016079s ]
INFO: [ view_filter ] --START--
INFO: Run Behavior\WriteHtmlCacheBehavior [ RunTime:0.001236s ]
INFO: [ view_filter ] --END-- [ RunTime:0.001292s ]
INFO: [ app_end ] --START--
INFO: Run Behavior\ShowPageTraceBehavior [ RunTime:0.003685s ]
INFO: [ app_end ] --END-- [ RunTime:0.003760s ]

[ 2016-11-14T16:01:20+08:00 ] 127.0.0.1 /thinkphp/index.php?_ijt=r0i859f4j121rkp9rgjrtr35a2
INFO: [ app_init ] --START--
INFO: Run Behavior\BuildLiteBehavior [ RunTime:0.000023s ]
INFO: [ app_init ] --END-- [ RunTime:0.003910s ]
INFO: [ app_begin ] --START--
INFO: Run Behavior\ReadHtmlCacheBehavior [ RunTime:0.004097s ]
INFO: [ app_begin ] --END-- [ RunTime:0.004212s ]
INFO: [ view_parse ] --START--
INFO: [ template_filter ] --START--
INFO: Run Behavior\ContentReplaceBehavior [ RunTime:0.000210s ]
INFO: [ template_filter ] --END-- [ RunTime:0.000280s ]
NOTIC: [8] Undefined variable: i /Users/zhangxue/ThinkPHP/thinkphp/Apps/Runtime/Cache/Views/40d8c5e2154c7c692f35b06eaeb75940.php 第 125 行.
NOTIC: [8] Undefined variable: i /Users/zhangxue/ThinkPHP/thinkphp/Apps/Runtime/Cache/Views/40d8c5e2154c7c692f35b06eaeb75940.php 第 128 行.
NOTIC: [8] Undefined variable: i /Users/zhangxue/ThinkPHP/thinkphp/Apps/Runtime/Cache/Views/40d8c5e2154c7c692f35b06eaeb75940.php 第 129 行.
NOTIC: [8] Undefined variable: i /Users/zhangxue/ThinkPHP/thinkphp/Apps/Runtime/Cache/Views/40d8c5e2154c7c692f35b06eaeb75940.php 第 134 行.
NOTIC: [8] Undefined variable: i /Users/zhangxue/ThinkPHP/thinkphp/Apps/Runtime/Cache/Views/40d8c5e2154c7c692f35b06eaeb75940.php 第 134 行.
NOTIC: [8] Undefined variable: friend /Users/zhangxue/ThinkPHP/thinkphp/Apps/Runtime/Cache/Views/40d8c5e2154c7c692f35b06eaeb75940.php 第 167 行.
NOTIC: [8] Undefined variable: tag /Users/zhangxue/ThinkPHP/thinkphp/Apps/Runtime/Cache/Views/40d8c5e2154c7c692f35b06eaeb75940.php 第 178 行.
NOTIC: [8] Undefined variable: i /Users/zhangxue/ThinkPHP/thinkphp/Apps/Runtime/Cache/Views/40d8c5e2154c7c692f35b06eaeb75940.php 第 195 行.
INFO: Run Behavior\ParseTemplateBehavior [ RunTime:0.032430s ]
INFO: [ view_parse ] --END-- [ RunTime:0.032555s ]
INFO: [ view_filter ] --START--
INFO: Run Behavior\WriteHtmlCacheBehavior [ RunTime:0.003061s ]
INFO: [ view_filter ] --END-- [ RunTime:0.003131s ]
INFO: [ app_end ] --START--
INFO: Run Behavior\ShowPageTraceBehavior [ RunTime:0.003977s ]
INFO: [ app_end ] --END-- [ RunTime:0.004074s ]

[ 2016-11-14T16:05:35+08:00 ] 127.0.0.1 /thinkphp/index.php?_ijt=r0i859f4j121rkp9rgjrtr35a2
INFO: [ app_init ] --START--
INFO: Run Behavior\BuildLiteBehavior [ RunTime:0.000023s ]
INFO: [ app_init ] --END-- [ RunTime:0.003815s ]
INFO: [ app_begin ] --START--
INFO: Run Behavior\ReadHtmlCacheBehavior [ RunTime:0.003982s ]
INFO: [ app_begin ] --END-- [ RunTime:0.004107s ]
INFO: [ view_parse ] --START--
INFO: [ template_filter ] --START--
INFO: Run Behavior\ContentReplaceBehavior [ RunTime:0.000159s ]
INFO: [ template_filter ] --END-- [ RunTime:0.000227s ]
NOTIC: [8] Undefined variable: i /Users/zhangxue/ThinkPHP/thinkphp/Apps/Runtime/Cache/Views/40d8c5e2154c7c692f35b06eaeb75940.php 第 126 行.
NOTIC: [8] Undefined variable: i /Users/zhangxue/ThinkPHP/thinkphp/Apps/Runtime/Cache/Views/40d8c5e2154c7c692f35b06eaeb75940.php 第 129 行.
NOTIC: [8] Undefined variable: i /Users/zhangxue/ThinkPHP/thinkphp/Apps/Runtime/Cache/Views/40d8c5e2154c7c692f35b06eaeb75940.php 第 130 行.
NOTIC: [8] Undefined variable: i /Users/zhangxue/ThinkPHP/thinkphp/Apps/Runtime/Cache/Views/40d8c5e2154c7c692f35b06eaeb75940.php 第 135 行.
NOTIC: [8] Undefined variable: i /Users/zhangxue/ThinkPHP/thinkphp/Apps/Runtime/Cache/Views/40d8c5e2154c7c692f35b06eaeb75940.php 第 135 行.
NOTIC: [8] Undefined variable: friend /Users/zhangxue/ThinkPHP/thinkphp/Apps/Runtime/Cache/Views/40d8c5e2154c7c692f35b06eaeb75940.php 第 168 行.
NOTIC: [8] Undefined variable: tag /Users/zhangxue/ThinkPHP/thinkphp/Apps/Runtime/Cache/Views/40d8c5e2154c7c692f35b06eaeb75940.php 第 179 行.
NOTIC: [8] Undefined variable: i /Users/zhangxue/ThinkPHP/thinkphp/Apps/Runtime/Cache/Views/40d8c5e2154c7c692f35b06eaeb75940.php 第 196 行.
INFO: Run Behavior\ParseTemplateBehavior [ RunTime:0.027594s ]
INFO: [ view_parse ] --END-- [ RunTime:0.027695s ]
INFO: [ view_filter ] --START--
INFO: Run Behavior\WriteHtmlCacheBehavior [ RunTime:0.001558s ]
INFO: [ view_filter ] --END-- [ RunTime:0.001631s ]
INFO: [ app_end ] --START--
INFO: Run Behavior\ShowPageTraceBehavior [ RunTime:0.001790s ]
INFO: [ app_end ] --END-- [ RunTime:0.001897s ]

[ 2016-11-14T16:08:10+08:00 ] 127.0.0.1 /thinkphp/index.php?_ijt=r0i859f4j121rkp9rgjrtr35a2
INFO: [ app_init ] --START--
INFO: Run Behavior\BuildLiteBehavior [ RunTime:0.000024s ]
INFO: [ app_init ] --END-- [ RunTime:0.003796s ]
INFO: [ app_begin ] --START--
INFO: Run Behavior\ReadHtmlCacheBehavior [ RunTime:0.004063s ]
INFO: [ app_begin ] --END-- [ RunTime:0.004188s ]
INFO: [ view_parse ] --START--
INFO: [ template_filter ] --START--
INFO: Run Behavior\ContentReplaceBehavior [ RunTime:0.000158s ]
INFO: [ template_filter ] --END-- [ RunTime:0.000407s ]
NOTIC: [8] Undefined variable: name /Users/zhangxue/ThinkPHP/thinkphp/Apps/Runtime/Cache/Views/40d8c5e2154c7c692f35b06eaeb75940.php 第 145 行.
NOTIC: [8] Undefined variable: name /Users/zhangxue/ThinkPHP/thinkphp/Apps/Runtime/Cache/Views/40d8c5e2154c7c692f35b06eaeb75940.php 第 145 行.
NOTIC: [8] Undefined variable: name /Users/zhangxue/ThinkPHP/thinkphp/Apps/Runtime/Cache/Views/40d8c5e2154c7c692f35b06eaeb75940.php 第 145 行.
NOTIC: [8] Undefined variable: name /Users/zhangxue/ThinkPHP/thinkphp/Apps/Runtime/Cache/Views/40d8c5e2154c7c692f35b06eaeb75940.php 第 145 行.
NOTIC: [8] Undefined variable: friend /Users/zhangxue/ThinkPHP/thinkphp/Apps/Runtime/Cache/Views/40d8c5e2154c7c692f35b06eaeb75940.php 第 160 行.
INFO: Run Behavior\ParseTemplateBehavior [ RunTime:0.055595s ]
INFO: [ view_parse ] --END-- [ RunTime:0.055676s ]
INFO: [ view_filter ] --START--
INFO: Run Behavior\WriteHtmlCacheBehavior [ RunTime:0.003666s ]
INFO: [ view_filter ] --END-- [ RunTime:0.003724s ]
INFO: [ app_end ] --START--
INFO: Run Behavior\ShowPageTraceBehavior [ RunTime:0.003493s ]
INFO: [ app_end ] --END-- [ RunTime:0.003555s ]

[ 2016-11-14T20:12:48+08:00 ] 127.0.0.1 /thinkphp/index.php?_ijt=r0i859f4j121rkp9rgjrtr35a2
INFO: [ app_init ] --START--
INFO: Run Behavior\BuildLiteBehavior [ RunTime:0.000035s ]
INFO: [ app_init ] --END-- [ RunTime:0.005738s ]
INFO: [ app_begin ] --START--
INFO: Run Behavior\ReadHtmlCacheBehavior [ RunTime:0.004048s ]
INFO: [ app_begin ] --END-- [ RunTime:0.004176s ]
INFO: [ view_parse ] --START--
INFO: [ template_filter ] --START--
INFO: Run Behavior\ContentReplaceBehavior [ RunTime:0.003553s ]
INFO: [ template_filter ] --END-- [ RunTime:0.003736s ]
INFO: Run Behavior\ParseTemplateBehavior [ RunTime:0.038314s ]
INFO: [ view_parse ] --END-- [ RunTime:0.038453s ]
INFO: [ view_filter ] --START--
INFO: Run Behavior\WriteHtmlCacheBehavior [ RunTime:0.002913s ]
INFO: [ view_filter ] --END-- [ RunTime:0.002983s ]
INFO: [ app_end ] --START--
INFO: Run Behavior\ShowPageTraceBehavior [ RunTime:0.004382s ]
INFO: [ app_end ] --END-- [ RunTime:0.004519s ]

[ 2016-11-14T20:12:51+08:00 ] 127.0.0.1 /thinkphp/index.php?s=/Index/index.html
INFO: [ app_init ] --START--
INFO: Run Behavior\BuildLiteBehavior [ RunTime:0.000011s ]
INFO: [ app_init ] --END-- [ RunTime:0.000266s ]
INFO: [ app_begin ] --START--
INFO: Run Behavior\ReadHtmlCacheBehavior [ RunTime:0.001244s ]
INFO: [ app_begin ] --END-- [ RunTime:0.001308s ]
INFO: [ view_parse ] --START--
INFO: [ template_filter ] --START--
INFO: Run Behavior\ContentReplaceBehavior [ RunTime:0.000029s ]
INFO: [ template_filter ] --END-- [ RunTime:0.000063s ]
INFO: Run Behavior\ParseTemplateBehavior [ RunTime:0.004614s ]
INFO: [ view_parse ] --END-- [ RunTime:0.004647s ]
INFO: [ view_filter ] --START--
INFO: Run Behavior\WriteHtmlCacheBehavior [ RunTime:0.000096s ]
INFO: [ view_filter ] --END-- [ RunTime:0.000117s ]
INFO: [ app_end ] --START--
INFO: Run Behavior\ShowPageTraceBehavior [ RunTime:0.000273s ]
INFO: [ app_end ] --END-- [ RunTime:0.000297s ]

[ 2016-11-14T20:12:53+08:00 ] 127.0.0.1 /thinkphp/index.php?s=/Index/friends.html
INFO: [ app_init ] --START--
INFO: Run Behavior\BuildLiteBehavior [ RunTime:0.000014s ]
INFO: [ app_init ] --END-- [ RunTime:0.000328s ]
INFO: [ app_begin ] --START--
INFO: Run Behavior\ReadHtmlCacheBehavior [ RunTime:0.000420s ]
INFO: [ app_begin ] --END-- [ RunTime:0.000469s ]
INFO: [ view_parse ] --START--
INFO: [ template_filter ] --START--
INFO: Run Behavior\ContentReplaceBehavior [ RunTime:0.000052s ]
INFO: [ template_filter ] --END-- [ RunTime:0.000104s ]
INFO: Run Behavior\ParseTemplateBehavior [ RunTime:0.010500s ]
INFO: [ view_parse ] --END-- [ RunTime:0.010547s ]
INFO: [ view_filter ] --START--
INFO: Run Behavior\WriteHtmlCacheBehavior [ RunTime:0.000139s ]
INFO: [ view_filter ] --END-- [ RunTime:0.000170s ]
INFO: [ app_end ] --START--
INFO: Run Behavior\ShowPageTraceBehavior [ RunTime:0.000378s ]
INFO: [ app_end ] --END-- [ RunTime:0.000410s ]

[ 2016-11-14T20:14:01+08:00 ] 127.0.0.1 /thinkphp/index.php?s=/Index/friends.html
INFO: [ app_init ] --START--
INFO: Run Behavior\BuildLiteBehavior [ RunTime:0.000022s ]
INFO: [ app_init ] --END-- [ RunTime:0.003814s ]
INFO: [ app_begin ] --START--
INFO: Run Behavior\ReadHtmlCacheBehavior [ RunTime:0.003809s ]
INFO: [ app_begin ] --END-- [ RunTime:0.003901s ]
INFO: [ view_parse ] --START--
INFO: [ template_filter ] --START--
INFO: Run Behavior\ContentReplaceBehavior [ RunTime:0.000086s ]
INFO: [ template_filter ] --END-- [ RunTime:0.000162s ]
NOTIC: [8] Undefined variable: name /Users/zhangxue/ThinkPHP/thinkphp/Apps/Runtime/Cache/Views/5bbd5fd5864fc6039f34f3c74fe7f031.php 第 103 行.
NOTIC: [8] Undefined variable: name /Users/zhangxue/ThinkPHP/thinkphp/Apps/Runtime/Cache/Views/5bbd5fd5864fc6039f34f3c74fe7f031.php 第 103 行.
NOTIC: [8] Undefined variable: name /Users/zhangxue/ThinkPHP/thinkphp/Apps/Runtime/Cache/Views/5bbd5fd5864fc6039f34f3c74fe7f031.php 第 103 行.
NOTIC: [8] Undefined variable: name /Users/zhangxue/ThinkPHP/thinkphp/Apps/Runtime/Cache/Views/5bbd5fd5864fc6039f34f3c74fe7f031.php 第 103 行.
NOTIC: [8] Undefined variable: friend /Users/zhangxue/ThinkPHP/thinkphp/Apps/Runtime/Cache/Views/5bbd5fd5864fc6039f34f3c74fe7f031.php 第 118 行.
INFO: Run Behavior\ParseTemplateBehavior [ RunTime:0.041997s ]
INFO: [ view_parse ] --END-- [ RunTime:0.042067s ]
INFO: [ view_filter ] --START--
INFO: Run Behavior\WriteHtmlCacheBehavior [ RunTime:0.003534s ]
INFO: [ view_filter ] --END-- [ RunTime:0.003608s ]
INFO: [ app_end ] --START--
INFO: Run Behavior\ShowPageTraceBehavior [ RunTime:0.004023s ]
INFO: [ app_end ] --END-- [ RunTime:0.004100s ]

[ 2016-11-14T20:14:47+08:00 ] 127.0.0.1 /thinkphp/index.php?s=/Index/index.html
INFO: [ app_init ] --START--
INFO: Run Behavior\BuildLiteBehavior [ RunTime:0.000018s ]
INFO: [ app_init ] --END-- [ RunTime:0.000423s ]
INFO: [ app_begin ] --START--
INFO: Run Behavior\ReadHtmlCacheBehavior [ RunTime:0.000533s ]
INFO: [ app_begin ] --END-- [ RunTime:0.000595s ]
INFO: [ view_parse ] --START--
INFO: [ template_filter ] --START--
INFO: Run Behavior\ContentReplaceBehavior [ RunTime:0.000193s ]
INFO: [ template_filter ] --END-- [ RunTime:0.000299s ]
NOTIC: [8] Undefined variable: name /Users/zhangxue/ThinkPHP/thinkphp/Apps/Runtime/Cache/Views/85b1e10c117fa62dcc01889b5acfbca1.php 第 153 行.
NOTIC: [8] Undefined variable: name /Users/zhangxue/ThinkPHP/thinkphp/Apps/Runtime/Cache/Views/85b1e10c117fa62dcc01889b5acfbca1.php 第 153 行.
NOTIC: [8] Undefined variable: name /Users/zhangxue/ThinkPHP/thinkphp/Apps/Runtime/Cache/Views/85b1e10c117fa62dcc01889b5acfbca1.php 第 153 行.
NOTIC: [8] Undefined variable: name /Users/zhangxue/ThinkPHP/thinkphp/Apps/Runtime/Cache/Views/85b1e10c117fa62dcc01889b5acfbca1.php 第 153 行.
NOTIC: [8] Undefined variable: friend /Users/zhangxue/ThinkPHP/thinkphp/Apps/Runtime/Cache/Views/85b1e10c117fa62dcc01889b5acfbca1.php 第 168 行.
INFO: Run Behavior\ParseTemplateBehavior [ RunTime:0.035725s ]
INFO: [ view_parse ] --END-- [ RunTime:0.035782s ]
INFO: [ view_filter ] --START--
INFO: Run Behavior\WriteHtmlCacheBehavior [ RunTime:0.000234s ]
INFO: [ view_filter ] --END-- [ RunTime:0.000297s ]
INFO: [ app_end ] --START--
INFO: Run Behavior\ShowPageTraceBehavior [ RunTime:0.000684s ]
INFO: [ app_end ] --END-- [ RunTime:0.000743s ]

[ 2016-11-14T20:14:53+08:00 ] 127.0.0.1 /thinkphp/index.php?s=/Index/friends.html
INFO: [ app_init ] --START--
INFO: Run Behavior\BuildLiteBehavior [ RunTime:0.000018s ]
INFO: [ app_init ] --END-- [ RunTime:0.000418s ]
INFO: [ app_begin ] --START--
INFO: Run Behavior\ReadHtmlCacheBehavior [ RunTime:0.000531s ]
INFO: [ app_begin ] --END-- [ RunTime:0.000588s ]
INFO: [ view_parse ] --START--
INFO: [ template_filter ] --START--
INFO: Run Behavior\ContentReplaceBehavior [ RunTime:0.000039s ]
INFO: [ template_filter ] --END-- [ RunTime:0.000076s ]
NOTIC: [8] Undefined variable: name /Users/zhangxue/ThinkPHP/thinkphp/Apps/Runtime/Cache/Views/5bbd5fd5864fc6039f34f3c74fe7f031.php 第 103 行.
NOTIC: [8] Undefined variable: name /Users/zhangxue/ThinkPHP/thinkphp/Apps/Runtime/Cache/Views/5bbd5fd5864fc6039f34f3c74fe7f031.php 第 103 行.
NOTIC: [8] Undefined variable: name /Users/zhangxue/ThinkPHP/thinkphp/Apps/Runtime/Cache/Views/5bbd5fd5864fc6039f34f3c74fe7f031.php 第 103 行.
NOTIC: [8] Undefined variable: name /Users/zhangxue/ThinkPHP/thinkphp/Apps/Runtime/Cache/Views/5bbd5fd5864fc6039f34f3c74fe7f031.php 第 103 行.
NOTIC: [8] Undefined variable: friend /Users/zhangxue/ThinkPHP/thinkphp/Apps/Runtime/Cache/Views/5bbd5fd5864fc6039f34f3c74fe7f031.php 第 118 行.
INFO: Run Behavior\ParseTemplateBehavior [ RunTime:0.011430s ]
INFO: [ view_parse ] --END-- [ RunTime:0.011468s ]
INFO: [ view_filter ] --START--
INFO: Run Behavior\WriteHtmlCacheBehavior [ RunTime:0.000135s ]
INFO: [ view_filter ] --END-- [ RunTime:0.000168s ]
INFO: [ app_end ] --START--
INFO: Run Behavior\ShowPageTraceBehavior [ RunTime:0.000507s ]
INFO: [ app_end ] --END-- [ RunTime:0.000561s ]

[ 2016-11-14T20:14:57+08:00 ] 127.0.0.1 /thinkphp/index.php?s=/Index/index.html
INFO: [ app_init ] --START--
INFO: Run Behavior\BuildLiteBehavior [ RunTime:0.000012s ]
INFO: [ app_init ] --END-- [ RunTime:0.000279s ]
INFO: [ app_begin ] --START--
INFO: Run Behavior\ReadHtmlCacheBehavior [ RunTime:0.000618s ]
INFO: [ app_begin ] --END-- [ RunTime:0.000697s ]
INFO: [ view_parse ] --START--
INFO: [ template_filter ] --START--
INFO: Run Behavior\ContentReplaceBehavior [ RunTime:0.000049s ]
INFO: [ template_filter ] --END-- [ RunTime:0.000086s ]
NOTIC: [8] Undefined variable: name /Users/zhangxue/ThinkPHP/thinkphp/Apps/Runtime/Cache/Views/85b1e10c117fa62dcc01889b5acfbca1.php 第 153 行.
NOTIC: [8] Undefined variable: name /Users/zhangxue/ThinkPHP/thinkphp/Apps/Runtime/Cache/Views/85b1e10c117fa62dcc01889b5acfbca1.php 第 153 行.
NOTIC: [8] Undefined variable: name /Users/zhangxue/ThinkPHP/thinkphp/Apps/Runtime/Cache/Views/85b1e10c117fa62dcc01889b5acfbca1.php 第 153 行.
NOTIC: [8] Undefined variable: name /Users/zhangxue/ThinkPHP/thinkphp/Apps/Runtime/Cache/Views/85b1e10c117fa62dcc01889b5acfbca1.php 第 153 行.
NOTIC: [8] Undefined variable: friend /Users/zhangxue/ThinkPHP/thinkphp/Apps/Runtime/Cache/Views/85b1e10c117fa62dcc01889b5acfbca1.php 第 168 行.
INFO: Run Behavior\ParseTemplateBehavior [ RunTime:0.015458s ]
INFO: [ view_parse ] --END-- [ RunTime:0.015570s ]
INFO: [ view_filter ] --START--
INFO: Run Behavior\WriteHtmlCacheBehavior [ RunTime:0.000175s ]
INFO: [ view_filter ] --END-- [ RunTime:0.000217s ]
INFO: [ app_end ] --START--
INFO: Run Behavior\ShowPageTraceBehavior [ RunTime:0.000433s ]
INFO: [ app_end ] --END-- [ RunTime:0.000482s ]

[ 2016-11-14T20:15:18+08:00 ] 127.0.0.1 /thinkphp/index.php?s=/Index/index.html
INFO: [ app_init ] --START--
INFO: Run Behavior\BuildLiteBehavior [ RunTime:0.000014s ]
INFO: [ app_init ] --END-- [ RunTime:0.000335s ]
INFO: [ app_begin ] --START--
INFO: Run Behavior\ReadHtmlCacheBehavior [ RunTime:0.000445s ]
INFO: [ app_begin ] --END-- [ RunTime:0.000496s ]
INFO: [ view_parse ] --START--
INFO: [ template_filter ] --START--
INFO: Run Behavior\ContentReplaceBehavior [ RunTime:0.000046s ]
INFO: [ template_filter ] --END-- [ RunTime:0.000082s ]
NOTIC: [8] Undefined variable: name /Users/zhangxue/ThinkPHP/thinkphp/Apps/Runtime/Cache/Views/85b1e10c117fa62dcc01889b5acfbca1.php 第 153 行.
NOTIC: [8] Undefined variable: name /Users/zhangxue/ThinkPHP/thinkphp/Apps/Runtime/Cache/Views/85b1e10c117fa62dcc01889b5acfbca1.php 第 153 行.
NOTIC: [8] Undefined variable: name /Users/zhangxue/ThinkPHP/thinkphp/Apps/Runtime/Cache/Views/85b1e10c117fa62dcc01889b5acfbca1.php 第 153 行.
NOTIC: [8] Undefined variable: name /Users/zhangxue/ThinkPHP/thinkphp/Apps/Runtime/Cache/Views/85b1e10c117fa62dcc01889b5acfbca1.php 第 153 行.
NOTIC: [8] Undefined variable: friend /Users/zhangxue/ThinkPHP/thinkphp/Apps/Runtime/Cache/Views/85b1e10c117fa62dcc01889b5acfbca1.php 第 168 行.
INFO: Run Behavior\ParseTemplateBehavior [ RunTime:0.009885s ]
INFO: [ view_parse ] --END-- [ RunTime:0.009923s ]
INFO: [ view_filter ] --START--
INFO: Run Behavior\WriteHtmlCacheBehavior [ RunTime:0.000106s ]
INFO: [ view_filter ] --END-- [ RunTime:0.000128s ]
INFO: [ app_end ] --START--
INFO: Run Behavior\ShowPageTraceBehavior [ RunTime:0.000438s ]
INFO: [ app_end ] --END-- [ RunTime:0.000467s ]

[ 2016-11-14T20:15:22+08:00 ] 127.0.0.1 /thinkphp/index.php?s=/Index/friends.html
INFO: [ app_init ] --START--
INFO: Run Behavior\BuildLiteBehavior [ RunTime:0.000012s ]
INFO: [ app_init ] --END-- [ RunTime:0.000292s ]
INFO: [ app_begin ] --START--
INFO: Run Behavior\ReadHtmlCacheBehavior [ RunTime:0.000352s ]
INFO: [ app_begin ] --END-- [ RunTime:0.000391s ]
INFO: [ view_parse ] --START--
INFO: [ template_filter ] --START--
INFO: Run Behavior\ContentReplaceBehavior [ RunTime:0.000078s ]
INFO: [ template_filter ] --END-- [ RunTime:0.000149s ]
NOTIC: [8] Undefined variable: name /Users/zhangxue/ThinkPHP/thinkphp/Apps/Runtime/Cache/Views/5bbd5fd5864fc6039f34f3c74fe7f031.php 第 103 行.
NOTIC: [8] Undefined variable: name /Users/zhangxue/ThinkPHP/thinkphp/Apps/Runtime/Cache/Views/5bbd5fd5864fc6039f34f3c74fe7f031.php 第 103 行.
NOTIC: [8] Undefined variable: name /Users/zhangxue/ThinkPHP/thinkphp/Apps/Runtime/Cache/Views/5bbd5fd5864fc6039f34f3c74fe7f031.php 第 103 行.
NOTIC: [8] Undefined variable: name /Users/zhangxue/ThinkPHP/thinkphp/Apps/Runtime/Cache/Views/5bbd5fd5864fc6039f34f3c74fe7f031.php 第 103 行.
NOTIC: [8] Undefined variable: friend /Users/zhangxue/ThinkPHP/thinkphp/Apps/Runtime/Cache/Views/5bbd5fd5864fc6039f34f3c74fe7f031.php 第 118 行.
INFO: Run Behavior\ParseTemplateBehavior [ RunTime:0.012553s ]
INFO: [ view_parse ] --END-- [ RunTime:0.012599s ]
INFO: [ view_filter ] --START--
INFO: Run Behavior\WriteHtmlCacheBehavior [ RunTime:0.000214s ]
INFO: [ view_filter ] --END-- [ RunTime:0.000258s ]
INFO: [ app_end ] --START--
INFO: Run Behavior\ShowPageTraceBehavior [ RunTime:0.000644s ]
INFO: [ app_end ] --END-- [ RunTime:0.000699s ]

[ 2016-11-14T20:19:01+08:00 ] 127.0.0.1 /thinkphp/index.php?s=/Index/friends.html
INFO: [ app_init ] --START--
INFO: Run Behavior\BuildLiteBehavior [ RunTime:0.000025s ]
INFO: [ app_init ] --END-- [ RunTime:0.003759s ]
INFO: [ app_begin ] --START--
INFO: Run Behavior\ReadHtmlCacheBehavior [ RunTime:0.003725s ]
INFO: [ app_begin ] --END-- [ RunTime:0.003814s ]
INFO: [ view_parse ] --START--
INFO: [ template_filter ] --START--
INFO: Run Behavior\ContentReplaceBehavior [ RunTime:0.000076s ]
INFO: [ template_filter ] --END-- [ RunTime:0.000138s ]
NOTIC: [8] Undefined variable: name /Users/zhangxue/ThinkPHP/thinkphp/Apps/Runtime/Cache/Views/5bbd5fd5864fc6039f34f3c74fe7f031.php 第 103 行.
NOTIC: [8] Undefined variable: name /Users/zhangxue/ThinkPHP/thinkphp/Apps/Runtime/Cache/Views/5bbd5fd5864fc6039f34f3c74fe7f031.php 第 103 行.
NOTIC: [8] Undefined variable: name /Users/zhangxue/ThinkPHP/thinkphp/Apps/Runtime/Cache/Views/5bbd5fd5864fc6039f34f3c74fe7f031.php 第 103 行.
NOTIC: [8] Undefined variable: name /Users/zhangxue/ThinkPHP/thinkphp/Apps/Runtime/Cache/Views/5bbd5fd5864fc6039f34f3c74fe7f031.php 第 103 行.
NOTIC: [8] Undefined variable: friend /Users/zhangxue/ThinkPHP/thinkphp/Apps/Runtime/Cache/Views/5bbd5fd5864fc6039f34f3c74fe7f031.php 第 118 行.
INFO: Run Behavior\ParseTemplateBehavior [ RunTime:0.040350s ]
INFO: [ view_parse ] --END-- [ RunTime:0.040409s ]
INFO: [ view_filter ] --START--
INFO: Run Behavior\WriteHtmlCacheBehavior [ RunTime:0.003381s ]
INFO: [ view_filter ] --END-- [ RunTime:0.003450s ]
INFO: [ app_end ] --START--
INFO: Run Behavior\ShowPageTraceBehavior [ RunTime:0.003912s ]
INFO: [ app_end ] --END-- [ RunTime:0.003990s ]

[ 2016-11-14T20:34:19+08:00 ] 127.0.0.1 /thinkphp/index.php?s=/Index/friends.html
INFO: [ app_init ] --START--
INFO: Run Behavior\BuildLiteBehavior [ RunTime:0.000025s ]
INFO: [ app_init ] --END-- [ RunTime:0.003738s ]
INFO: [ app_begin ] --START--
INFO: Run Behavior\ReadHtmlCacheBehavior [ RunTime:0.004160s ]
INFO: [ app_begin ] --END-- [ RunTime:0.004300s ]
INFO: [ view_parse ] --START--
INFO: [ template_filter ] --START--
INFO: Run Behavior\ContentReplaceBehavior [ RunTime:0.000102s ]
INFO: [ template_filter ] --END-- [ RunTime:0.000159s ]
NOTIC: [8] Undefined variable: name /Users/zhangxue/ThinkPHP/thinkphp/Apps/Runtime/Cache/Views/5bbd5fd5864fc6039f34f3c74fe7f031.php 第 103 行.
NOTIC: [8] Undefined variable: name /Users/zhangxue/ThinkPHP/thinkphp/Apps/Runtime/Cache/Views/5bbd5fd5864fc6039f34f3c74fe7f031.php 第 103 行.
NOTIC: [8] Undefined variable: name /Users/zhangxue/ThinkPHP/thinkphp/Apps/Runtime/Cache/Views/5bbd5fd5864fc6039f34f3c74fe7f031.php 第 103 行.
NOTIC: [8] Undefined variable: name /Users/zhangxue/ThinkPHP/thinkphp/Apps/Runtime/Cache/Views/5bbd5fd5864fc6039f34f3c74fe7f031.php 第 103 行.
NOTIC: [8] Undefined variable: friend /Users/zhangxue/ThinkPHP/thinkphp/Apps/Runtime/Cache/Views/5bbd5fd5864fc6039f34f3c74fe7f031.php 第 118 行.
INFO: Run Behavior\ParseTemplateBehavior [ RunTime:0.046823s ]
INFO: [ view_parse ] --END-- [ RunTime:0.046905s ]
INFO: [ view_filter ] --START--
INFO: Run Behavior\WriteHtmlCacheBehavior [ RunTime:0.000531s ]
INFO: [ view_filter ] --END-- [ RunTime:0.000589s ]
INFO: [ app_end ] --START--
INFO: Run Behavior\ShowPageTraceBehavior [ RunTime:0.003874s ]
INFO: [ app_end ] --END-- [ RunTime:0.003964s ]

[ 2016-11-14T20:34:22+08:00 ] 127.0.0.1 /thinkphp/index.php?s=/Index/friends.html
INFO: [ app_init ] --START--
INFO: Run Behavior\BuildLiteBehavior [ RunTime:0.000014s ]
INFO: [ app_init ] --END-- [ RunTime:0.000335s ]
INFO: [ app_begin ] --START--
INFO: Run Behavior\ReadHtmlCacheBehavior [ RunTime:0.000342s ]
INFO: [ app_begin ] --END-- [ RunTime:0.000381s ]
INFO: [ view_parse ] --START--
INFO: [ template_filter ] --START--
INFO: Run Behavior\ContentReplaceBehavior [ RunTime:0.000038s ]
INFO: [ template_filter ] --END-- [ RunTime:0.000072s ]
NOTIC: [8] Undefined variable: name /Users/zhangxue/ThinkPHP/thinkphp/Apps/Runtime/Cache/Views/5bbd5fd5864fc6039f34f3c74fe7f031.php 第 103 行.
NOTIC: [8] Undefined variable: name /Users/zhangxue/ThinkPHP/thinkphp/Apps/Runtime/Cache/Views/5bbd5fd5864fc6039f34f3c74fe7f031.php 第 103 行.
NOTIC: [8] Undefined variable: name /Users/zhangxue/ThinkPHP/thinkphp/Apps/Runtime/Cache/Views/5bbd5fd5864fc6039f34f3c74fe7f031.php 第 103 行.
NOTIC: [8] Undefined variable: name /Users/zhangxue/ThinkPHP/thinkphp/Apps/Runtime/Cache/Views/5bbd5fd5864fc6039f34f3c74fe7f031.php 第 103 行.
NOTIC: [8] Undefined variable: friend /Users/zhangxue/ThinkPHP/thinkphp/Apps/Runtime/Cache/Views/5bbd5fd5864fc6039f34f3c74fe7f031.php 第 118 行.
INFO: Run Behavior\ParseTemplateBehavior [ RunTime:0.007062s ]
INFO: [ view_parse ] --END-- [ RunTime:0.007092s ]
INFO: [ view_filter ] --START--
INFO: Run Behavior\WriteHtmlCacheBehavior [ RunTime:0.000143s ]
INFO: [ view_filter ] --END-- [ RunTime:0.000166s ]
INFO: [ app_end ] --START--
INFO: Run Behavior\ShowPageTraceBehavior [ RunTime:0.000365s ]
INFO: [ app_end ] --END-- [ RunTime:0.000393s ]

[ 2016-11-14T20:34:24+08:00 ] 127.0.0.1 /thinkphp/index.php?s=/Index/index.html
INFO: [ app_init ] --START--
INFO: Run Behavior\BuildLiteBehavior [ RunTime:0.000011s ]
INFO: [ app_init ] --END-- [ RunTime:0.000270s ]
INFO: [ app_begin ] --START--
INFO: Run Behavior\ReadHtmlCacheBehavior [ RunTime:0.000340s ]
INFO: [ app_begin ] --END-- [ RunTime:0.000379s ]
INFO: [ view_parse ] --START--
INFO: [ template_filter ] --START--
INFO: Run Behavior\ContentReplaceBehavior [ RunTime:0.000038s ]
INFO: [ template_filter ] --END-- [ RunTime:0.000073s ]
INFO: Run Behavior\ParseTemplateBehavior [ RunTime:0.016258s ]
INFO: [ view_parse ] --END-- [ RunTime:0.016318s ]
INFO: [ view_filter ] --START--
INFO: Run Behavior\WriteHtmlCacheBehavior [ RunTime:0.000185s ]
INFO: [ view_filter ] --END-- [ RunTime:0.000215s ]
INFO: [ app_end ] --START--
INFO: Run Behavior\ShowPageTraceBehavior [ RunTime:0.000360s ]
INFO: [ app_end ] --END-- [ RunTime:0.000391s ]

[ 2016-11-14T20:46:51+08:00 ] 127.0.0.1 /thinkphp/index.php?s=/Index/index.html
INFO: [ app_init ] --START--
INFO: Run Behavior\BuildLiteBehavior [ RunTime:0.000023s ]
INFO: [ app_init ] --END-- [ RunTime:0.003927s ]
INFO: [ app_begin ] --START--
INFO: Run Behavior\ReadHtmlCacheBehavior [ RunTime:0.004015s ]
INFO: [ app_begin ] --END-- [ RunTime:0.004137s ]
INFO: [ view_parse ] --START--
INFO: [ template_filter ] --START--
INFO: Run Behavior\ContentReplaceBehavior [ RunTime:0.000144s ]
INFO: [ template_filter ] --END-- [ RunTime:0.000211s ]
INFO: Run Behavior\ParseTemplateBehavior [ RunTime:0.039987s ]
INFO: [ view_parse ] --END-- [ RunTime:0.040085s ]
INFO: [ view_filter ] --START--
INFO: Run Behavior\WriteHtmlCacheBehavior [ RunTime:0.001465s ]
INFO: [ view_filter ] --END-- [ RunTime:0.001522s ]
INFO: [ app_end ] --START--
INFO: Run Behavior\ShowPageTraceBehavior [ RunTime:0.001743s ]
INFO: [ app_end ] --END-- [ RunTime:0.001820s ]

[ 2016-11-14T20:46:54+08:00 ] 127.0.0.1 /thinkphp/index.php?s=/Index/index.html
INFO: [ app_init ] --START--
INFO: Run Behavior\BuildLiteBehavior [ RunTime:0.000015s ]
INFO: [ app_init ] --END-- [ RunTime:0.000337s ]
INFO: [ app_begin ] --START--
INFO: Run Behavior\ReadHtmlCacheBehavior [ RunTime:0.000451s ]
INFO: [ app_begin ] --END-- [ RunTime:0.000500s ]
INFO: [ view_parse ] --START--
INFO: [ template_filter ] --START--
INFO: Run Behavior\ContentReplaceBehavior [ RunTime:0.000036s ]
INFO: [ template_filter ] --END-- [ RunTime:0.000070s ]
INFO: Run Behavior\ParseTemplateBehavior [ RunTime:0.006337s ]
INFO: [ view_parse ] --END-- [ RunTime:0.006372s ]
INFO: [ view_filter ] --START--
INFO: Run Behavior\WriteHtmlCacheBehavior [ RunTime:0.000101s ]
INFO: [ view_filter ] --END-- [ RunTime:0.000124s ]
INFO: [ app_end ] --START--
INFO: Run Behavior\ShowPageTraceBehavior [ RunTime:0.000317s ]
INFO: [ app_end ] --END-- [ RunTime:0.000345s ]

[ 2016-11-14T20:46:56+08:00 ] 127.0.0.1 /thinkphp/index.php?s=/Index/friends.html
INFO: [ app_init ] --START--
INFO: Run Behavior\BuildLiteBehavior [ RunTime:0.000014s ]
INFO: [ app_init ] --END-- [ RunTime:0.000339s ]
INFO: [ app_begin ] --START--
INFO: Run Behavior\ReadHtmlCacheBehavior [ RunTime:0.000429s ]
INFO: [ app_begin ] --END-- [ RunTime:0.000477s ]
INFO: [ view_parse ] --START--
INFO: [ template_filter ] --START--
INFO: Run Behavior\ContentReplaceBehavior [ RunTime:0.000048s ]
INFO: [ template_filter ] --END-- [ RunTime:0.000085s ]
NOTIC: [8] Undefined variable: name /Users/zhangxue/ThinkPHP/thinkphp/Apps/Runtime/Cache/Views/5bbd5fd5864fc6039f34f3c74fe7f031.php 第 103 行.
NOTIC: [8] Undefined variable: name /Users/zhangxue/ThinkPHP/thinkphp/Apps/Runtime/Cache/Views/5bbd5fd5864fc6039f34f3c74fe7f031.php 第 103 行.
NOTIC: [8] Undefined variable: name /Users/zhangxue/ThinkPHP/thinkphp/Apps/Runtime/Cache/Views/5bbd5fd5864fc6039f34f3c74fe7f031.php 第 103 行.
NOTIC: [8] Undefined variable: name /Users/zhangxue/ThinkPHP/thinkphp/Apps/Runtime/Cache/Views/5bbd5fd5864fc6039f34f3c74fe7f031.php 第 103 行.
NOTIC: [8] Undefined variable: friend /Users/zhangxue/ThinkPHP/thinkphp/Apps/Runtime/Cache/Views/5bbd5fd5864fc6039f34f3c74fe7f031.php 第 118 行.
INFO: Run Behavior\ParseTemplateBehavior [ RunTime:0.010211s ]
INFO: [ view_parse ] --END-- [ RunTime:0.010245s ]
INFO: [ view_filter ] --START--
INFO: Run Behavior\WriteHtmlCacheBehavior [ RunTime:0.000105s ]
INFO: [ view_filter ] --END-- [ RunTime:0.000126s ]
INFO: [ app_end ] --START--
INFO: Run Behavior\ShowPageTraceBehavior [ RunTime:0.000352s ]
INFO: [ app_end ] --END-- [ RunTime:0.000380s ]

[ 2016-11-14T20:47:14+08:00 ] 127.0.0.1 /thinkphp/index.php?_ijt=s2aa5qnjjt0apdhr5p25crkppj
INFO: [ app_init ] --START--
INFO: Run Behavior\BuildLiteBehavior [ RunTime:0.000027s ]
INFO: [ app_init ] --END-- [ RunTime:0.007034s ]
INFO: [ app_begin ] --START--
INFO: Run Behavior\ReadHtmlCacheBehavior [ RunTime:0.000856s ]
INFO: [ app_begin ] --END-- [ RunTime:0.000934s ]
INFO: [ view_parse ] --START--
INFO: [ template_filter ] --START--
INFO: Run Behavior\ContentReplaceBehavior [ RunTime:0.000147s ]
INFO: [ template_filter ] --END-- [ RunTime:0.000237s ]
INFO: Run Behavior\ParseTemplateBehavior [ RunTime:0.038324s ]
INFO: [ view_parse ] --END-- [ RunTime:0.038408s ]
INFO: [ view_filter ] --START--
INFO: Run Behavior\WriteHtmlCacheBehavior [ RunTime:0.000503s ]
INFO: [ view_filter ] --END-- [ RunTime:0.000559s ]
INFO: [ app_end ] --START--
INFO: Run Behavior\ShowPageTraceBehavior [ RunTime:0.004145s ]
INFO: [ app_end ] --END-- [ RunTime:0.004234s ]

[ 2016-11-14T20:49:36+08:00 ] 127.0.0.1 /thinkphp/index.php?_ijt=s2aa5qnjjt0apdhr5p25crkppj
INFO: [ app_init ] --START--
INFO: Run Behavior\BuildLiteBehavior [ RunTime:0.000023s ]
INFO: [ app_init ] --END-- [ RunTime:0.003770s ]
INFO: [ app_begin ] --START--
INFO: Run Behavior\ReadHtmlCacheBehavior [ RunTime:0.004029s ]
INFO: [ app_begin ] --END-- [ RunTime:0.004155s ]
INFO: [ view_parse ] --START--
INFO: [ template_filter ] --START--
INFO: Run Behavior\ContentReplaceBehavior [ RunTime:0.000149s ]
INFO: [ template_filter ] --END-- [ RunTime:0.000217s ]
INFO: Run Behavior\ParseTemplateBehavior [ RunTime:0.043402s ]
INFO: [ view_parse ] --END-- [ RunTime:0.043512s ]
INFO: [ view_filter ] --START--
INFO: Run Behavior\WriteHtmlCacheBehavior [ RunTime:0.001269s ]
INFO: [ view_filter ] --END-- [ RunTime:0.001328s ]
INFO: [ app_end ] --START--
INFO: Run Behavior\ShowPageTraceBehavior [ RunTime:0.004317s ]
INFO: [ app_end ] --END-- [ RunTime:0.004407s ]

[ 2016-11-14T20:49:40+08:00 ] 127.0.0.1 /thinkphp/index.php?s=/Index/index.html
INFO: [ app_init ] --START--
INFO: Run Behavior\BuildLiteBehavior [ RunTime:0.000014s ]
INFO: [ app_init ] --END-- [ RunTime:0.000335s ]
INFO: [ app_begin ] --START--
INFO: Run Behavior\ReadHtmlCacheBehavior [ RunTime:0.000424s ]
INFO: [ app_begin ] --END-- [ RunTime:0.000473s ]
INFO: [ view_parse ] --START--
INFO: [ template_filter ] --START--
INFO: Run Behavior\ContentReplaceBehavior [ RunTime:0.000038s ]
INFO: [ template_filter ] --END-- [ RunTime:0.000074s ]
INFO: Run Behavior\ParseTemplateBehavior [ RunTime:0.007020s ]
INFO: [ view_parse ] --END-- [ RunTime:0.007065s ]
INFO: [ view_filter ] --START--
INFO: Run Behavior\WriteHtmlCacheBehavior [ RunTime:0.000140s ]
INFO: [ view_filter ] --END-- [ RunTime:0.000171s ]
INFO: [ app_end ] --START--
INFO: Run Behavior\ShowPageTraceBehavior [ RunTime:0.000376s ]
INFO: [ app_end ] --END-- [ RunTime:0.000411s ]

[ 2016-11-14T20:49:44+08:00 ] 127.0.0.1 /thinkphp/index.php?s=/Index/index.html
INFO: [ app_init ] --START--
INFO: Run Behavior\BuildLiteBehavior [ RunTime:0.000010s ]
INFO: [ app_init ] --END-- [ RunTime:0.000221s ]
INFO: [ app_begin ] --START--
INFO: Run Behavior\ReadHtmlCacheBehavior [ RunTime:0.000346s ]
INFO: [ app_begin ] --END-- [ RunTime:0.000381s ]
INFO: [ view_parse ] --START--
INFO: [ template_filter ] --START--
INFO: Run Behavior\ContentReplaceBehavior [ RunTime:0.000038s ]
INFO: [ template_filter ] --END-- [ RunTime:0.000074s ]
INFO: Run Behavior\ParseTemplateBehavior [ RunTime:0.006628s ]
INFO: [ view_parse ] --END-- [ RunTime:0.006658s ]
INFO: [ view_filter ] --START--
INFO: Run Behavior\WriteHtmlCacheBehavior [ RunTime:0.000105s ]
INFO: [ view_filter ] --END-- [ RunTime:0.000128s ]
INFO: [ app_end ] --START--
INFO: Run Behavior\ShowPageTraceBehavior [ RunTime:0.000288s ]
INFO: [ app_end ] --END-- [ RunTime:0.000313s ]

[ 2016-11-14T20:49:46+08:00 ] 127.0.0.1 /thinkphp/index.php?s=/Index/index.html
INFO: [ app_init ] --START--
INFO: Run Behavior\BuildLiteBehavior [ RunTime:0.000012s ]
INFO: [ app_init ] --END-- [ RunTime:0.000304s ]
INFO: [ app_begin ] --START--
INFO: Run Behavior\ReadHtmlCacheBehavior [ RunTime:0.000342s ]
INFO: [ app_begin ] --END-- [ RunTime:0.000381s ]
INFO: [ view_parse ] --START--
INFO: [ template_filter ] --START--
INFO: Run Behavior\ContentReplaceBehavior [ RunTime:0.000039s ]
INFO: [ template_filter ] --END-- [ RunTime:0.000073s ]
INFO: Run Behavior\ParseTemplateBehavior [ RunTime:0.005931s ]
INFO: [ view_parse ] --END-- [ RunTime:0.005966s ]
INFO: [ view_filter ] --START--
INFO: Run Behavior\WriteHtmlCacheBehavior [ RunTime:0.000109s ]
INFO: [ view_filter ] --END-- [ RunTime:0.000132s ]
INFO: [ app_end ] --START--
INFO: Run Behavior\ShowPageTraceBehavior [ RunTime:0.000494s ]
INFO: [ app_end ] --END-- [ RunTime:0.000535s ]

[ 2016-11-14T20:49:48+08:00 ] 127.0.0.1 /thinkphp/index.php?s=/Index/friends.html
INFO: [ app_init ] --START--
INFO: Run Behavior\BuildLiteBehavior [ RunTime:0.000012s ]
INFO: [ app_init ] --END-- [ RunTime:0.000264s ]
INFO: [ app_begin ] --START--
INFO: Run Behavior\ReadHtmlCacheBehavior [ RunTime:0.000340s ]
INFO: [ app_begin ] --END-- [ RunTime:0.000380s ]
INFO: [ view_parse ] --START--
INFO: [ template_filter ] --START--
INFO: Run Behavior\ContentReplaceBehavior [ RunTime:0.000041s ]
INFO: [ template_filter ] --END-- [ RunTime:0.000077s ]
NOTIC: [8] Undefined variable: name /Users/zhangxue/ThinkPHP/thinkphp/Apps/Runtime/Cache/Views/5bbd5fd5864fc6039f34f3c74fe7f031.php 第 103 行.
NOTIC: [8] Undefined variable: name /Users/zhangxue/ThinkPHP/thinkphp/Apps/Runtime/Cache/Views/5bbd5fd5864fc6039f34f3c74fe7f031.php 第 103 行.
NOTIC: [8] Undefined variable: name /Users/zhangxue/ThinkPHP/thinkphp/Apps/Runtime/Cache/Views/5bbd5fd5864fc6039f34f3c74fe7f031.php 第 103 行.
NOTIC: [8] Undefined variable: name /Users/zhangxue/ThinkPHP/thinkphp/Apps/Runtime/Cache/Views/5bbd5fd5864fc6039f34f3c74fe7f031.php 第 103 行.
NOTIC: [8] Undefined variable: friend /Users/zhangxue/ThinkPHP/thinkphp/Apps/Runtime/Cache/Views/5bbd5fd5864fc6039f34f3c74fe7f031.php 第 118 行.
INFO: Run Behavior\ParseTemplateBehavior [ RunTime:0.009885s ]
INFO: [ view_parse ] --END-- [ RunTime:0.009917s ]
INFO: [ view_filter ] --START--
INFO: Run Behavior\WriteHtmlCacheBehavior [ RunTime:0.000108s ]
INFO: [ view_filter ] --END-- [ RunTime:0.000129s ]
INFO: [ app_end ] --START--
INFO: Run Behavior\ShowPageTraceBehavior [ RunTime:0.000353s ]
INFO: [ app_end ] --END-- [ RunTime:0.000380s ]

[ 2016-11-14T21:13:12+08:00 ] 127.0.0.1 /thinkphp/index.php?s=/Index/friends.html
INFO: [ app_init ] --START--
INFO: Run Behavior\BuildLiteBehavior [ RunTime:0.000024s ]
INFO: [ app_init ] --END-- [ RunTime:0.003759s ]
INFO: [ app_begin ] --START--
INFO: Run Behavior\ReadHtmlCacheBehavior [ RunTime:0.003809s ]
INFO: [ app_begin ] --END-- [ RunTime:0.003936s ]
INFO: [ view_parse ] --START--
INFO: [ template_filter ] --START--
INFO: Run Behavior\ContentReplaceBehavior [ RunTime:0.000101s ]
INFO: [ template_filter ] --END-- [ RunTime:0.000158s ]
NOTIC: [8] Undefined variable: name /Users/zhangxue/ThinkPHP/thinkphp/Apps/Runtime/Cache/Views/5bbd5fd5864fc6039f34f3c74fe7f031.php 第 112 行.
NOTIC: [8] Undefined variable: name /Users/zhangxue/ThinkPHP/thinkphp/Apps/Runtime/Cache/Views/5bbd5fd5864fc6039f34f3c74fe7f031.php 第 112 行.
NOTIC: [8] Undefined variable: name /Users/zhangxue/ThinkPHP/thinkphp/Apps/Runtime/Cache/Views/5bbd5fd5864fc6039f34f3c74fe7f031.php 第 112 行.
NOTIC: [8] Undefined variable: name /Users/zhangxue/ThinkPHP/thinkphp/Apps/Runtime/Cache/Views/5bbd5fd5864fc6039f34f3c74fe7f031.php 第 112 行.
NOTIC: [8] Undefined variable: friend /Users/zhangxue/ThinkPHP/thinkphp/Apps/Runtime/Cache/Views/5bbd5fd5864fc6039f34f3c74fe7f031.php 第 127 行.
INFO: Run Behavior\ParseTemplateBehavior [ RunTime:0.051906s ]
INFO: [ view_parse ] --END-- [ RunTime:0.051981s ]
INFO: [ view_filter ] --START--
INFO: Run Behavior\WriteHtmlCacheBehavior [ RunTime:0.003383s ]
INFO: [ view_filter ] --END-- [ RunTime:0.003438s ]
INFO: [ app_end ] --START--
INFO: Run Behavior\ShowPageTraceBehavior [ RunTime:0.003937s ]
INFO: [ app_end ] --END-- [ RunTime:0.004004s ]

[ 2016-11-14T21:13:16+08:00 ] 127.0.0.1 /thinkphp/index.php?s=/Index/index.html
INFO: [ app_init ] --START--
INFO: Run Behavior\BuildLiteBehavior [ RunTime:0.000017s ]
INFO: [ app_init ] --END-- [ RunTime:0.000409s ]
INFO: [ app_begin ] --START--
INFO: Run Behavior\ReadHtmlCacheBehavior [ RunTime:0.000527s ]
INFO: [ app_begin ] --END-- [ RunTime:0.000586s ]
INFO: [ view_parse ] --START--
INFO: [ template_filter ] --START--
INFO: Run Behavior\ContentReplaceBehavior [ RunTime:0.000048s ]
INFO: [ template_filter ] --END-- [ RunTime:0.000092s ]
NOTIC: [8] Undefined variable: jike_user /Users/zhangxue/ThinkPHP/thinkphp/Apps/Runtime/Cache/Views/85b1e10c117fa62dcc01889b5acfbca1.php 第 168 行.
INFO: Run Behavior\ParseTemplateBehavior [ RunTime:0.011498s ]
INFO: [ view_parse ] --END-- [ RunTime:0.011554s ]
INFO: [ view_filter ] --START--
INFO: Run Behavior\WriteHtmlCacheBehavior [ RunTime:0.000207s ]
INFO: [ view_filter ] --END-- [ RunTime:0.000251s ]
INFO: [ app_end ] --START--
INFO: Run Behavior\ShowPageTraceBehavior [ RunTime:0.000570s ]
INFO: [ app_end ] --END-- [ RunTime:0.000622s ]

[ 2016-11-14T21:13:18+08:00 ] 127.0.0.1 /thinkphp/index.php?s=/Index/friends.html
INFO: [ app_init ] --START--
INFO: Run Behavior\BuildLiteBehavior [ RunTime:0.000014s ]
INFO: [ app_init ] --END-- [ RunTime:0.000338s ]
INFO: [ app_begin ] --START--
INFO: Run Behavior\ReadHtmlCacheBehavior [ RunTime:0.000606s ]
INFO: [ app_begin ] --END-- [ RunTime:0.000681s ]
INFO: [ view_parse ] --START--
INFO: [ template_filter ] --START--
INFO: Run Behavior\ContentReplaceBehavior [ RunTime:0.000040s ]
INFO: [ template_filter ] --END-- [ RunTime:0.000075s ]
NOTIC: [8] Undefined variable: name /Users/zhangxue/ThinkPHP/thinkphp/Apps/Runtime/Cache/Views/5bbd5fd5864fc6039f34f3c74fe7f031.php 第 112 行.
NOTIC: [8] Undefined variable: name /Users/zhangxue/ThinkPHP/thinkphp/Apps/Runtime/Cache/Views/5bbd5fd5864fc6039f34f3c74fe7f031.php 第 112 行.
NOTIC: [8] Undefined variable: name /Users/zhangxue/ThinkPHP/thinkphp/Apps/Runtime/Cache/Views/5bbd5fd5864fc6039f34f3c74fe7f031.php 第 112 行.
NOTIC: [8] Undefined variable: name /Users/zhangxue/ThinkPHP/thinkphp/Apps/Runtime/Cache/Views/5bbd5fd5864fc6039f34f3c74fe7f031.php 第 112 行.
NOTIC: [8] Undefined variable: friend /Users/zhangxue/ThinkPHP/thinkphp/Apps/Runtime/Cache/Views/5bbd5fd5864fc6039f34f3c74fe7f031.php 第 127 行.
INFO: Run Behavior\ParseTemplateBehavior [ RunTime:0.012766s ]
INFO: [ view_parse ] --END-- [ RunTime:0.012807s ]
INFO: [ view_filter ] --START--
INFO: Run Behavior\WriteHtmlCacheBehavior [ RunTime:0.000103s ]
INFO: [ view_filter ] --END-- [ RunTime:0.000124s ]
INFO: [ app_end ] --START--
INFO: Run Behavior\ShowPageTraceBehavior [ RunTime:0.000320s ]
INFO: [ app_end ] --END-- [ RunTime:0.000348s ]

[ 2016-11-14T21:16:41+08:00 ] 127.0.0.1 /thinkphp/index.php?s=/Index/friends.html
INFO: [ app_init ] --START--
INFO: Run Behavior\BuildLiteBehavior [ RunTime:0.000023s ]
INFO: [ app_init ] --END-- [ RunTime:0.003738s ]
INFO: [ app_begin ] --START--
INFO: Run Behavior\ReadHtmlCacheBehavior [ RunTime:0.003811s ]
INFO: [ app_begin ] --END-- [ RunTime:0.003937s ]
INFO: [ view_parse ] --START--
INFO: [ template_filter ] --START--
INFO: Run Behavior\ContentReplaceBehavior [ RunTime:0.000131s ]
INFO: [ template_filter ] --END-- [ RunTime:0.000206s ]
NOTIC: [8] Undefined variable: name /Users/zhangxue/ThinkPHP/thinkphp/Apps/Runtime/Cache/Views/5bbd5fd5864fc6039f34f3c74fe7f031.php 第 112 行.
NOTIC: [8] Undefined variable: name /Users/zhangxue/ThinkPHP/thinkphp/Apps/Runtime/Cache/Views/5bbd5fd5864fc6039f34f3c74fe7f031.php 第 112 行.
NOTIC: [8] Undefined variable: name /Users/zhangxue/ThinkPHP/thinkphp/Apps/Runtime/Cache/Views/5bbd5fd5864fc6039f34f3c74fe7f031.php 第 112 行.
NOTIC: [8] Undefined variable: name /Users/zhangxue/ThinkPHP/thinkphp/Apps/Runtime/Cache/Views/5bbd5fd5864fc6039f34f3c74fe7f031.php 第 112 行.
NOTIC: [8] Undefined variable: friend /Users/zhangxue/ThinkPHP/thinkphp/Apps/Runtime/Cache/Views/5bbd5fd5864fc6039f34f3c74fe7f031.php 第 127 行.
INFO: Run Behavior\ParseTemplateBehavior [ RunTime:0.044918s ]
INFO: [ view_parse ] --END-- [ RunTime:0.045000s ]
INFO: [ view_filter ] --START--
INFO: Run Behavior\WriteHtmlCacheBehavior [ RunTime:0.001235s ]
INFO: [ view_filter ] --END-- [ RunTime:0.001305s ]
INFO: [ app_end ] --START--
INFO: Run Behavior\ShowPageTraceBehavior [ RunTime:0.003939s ]
INFO: [ app_end ] --END-- [ RunTime:0.004016s ]

[ 2016-11-14T21:22:06+08:00 ] 127.0.0.1 /thinkphp/index.php?s=/Index/friends.html
INFO: [ app_init ] --START--
INFO: Run Behavior\BuildLiteBehavior [ RunTime:0.000023s ]
INFO: [ app_init ] --END-- [ RunTime:0.004135s ]
INFO: [ app_begin ] --START--
INFO: Run Behavior\ReadHtmlCacheBehavior [ RunTime:0.003816s ]
INFO: [ app_begin ] --END-- [ RunTime:0.003946s ]
INFO: [ view_parse ] --START--
INFO: [ template_filter ] --START--
INFO: Run Behavior\ContentReplaceBehavior [ RunTime:0.000139s ]
INFO: [ template_filter ] --END-- [ RunTime:0.000217s ]
NOTIC: [8] Undefined variable: name /Users/zhangxue/ThinkPHP/thinkphp/Apps/Runtime/Cache/Views/5bbd5fd5864fc6039f34f3c74fe7f031.php 第 112 行.
NOTIC: [8] Undefined variable: name /Users/zhangxue/ThinkPHP/thinkphp/Apps/Runtime/Cache/Views/5bbd5fd5864fc6039f34f3c74fe7f031.php 第 112 行.
NOTIC: [8] Undefined variable: name /Users/zhangxue/ThinkPHP/thinkphp/Apps/Runtime/Cache/Views/5bbd5fd5864fc6039f34f3c74fe7f031.php 第 112 行.
NOTIC: [8] Undefined variable: name /Users/zhangxue/ThinkPHP/thinkphp/Apps/Runtime/Cache/Views/5bbd5fd5864fc6039f34f3c74fe7f031.php 第 112 行.
NOTIC: [8] Undefined variable: friend /Users/zhangxue/ThinkPHP/thinkphp/Apps/Runtime/Cache/Views/5bbd5fd5864fc6039f34f3c74fe7f031.php 第 127 行.
INFO: Run Behavior\ParseTemplateBehavior [ RunTime:0.048365s ]
INFO: [ view_parse ] --END-- [ RunTime:0.048448s ]
INFO: [ view_filter ] --START--
INFO: Run Behavior\WriteHtmlCacheBehavior [ RunTime:0.003388s ]
INFO: [ view_filter ] --END-- [ RunTime:0.003456s ]
INFO: [ app_end ] --START--
INFO: Run Behavior\ShowPageTraceBehavior [ RunTime:0.003963s ]
INFO: [ app_end ] --END-- [ RunTime:0.004027s ]

[ 2016-11-14T21:22:12+08:00 ] 127.0.0.1 /thinkphp/index.php?s=/Index/index.html
INFO: [ app_init ] --START--
INFO: Run Behavior\BuildLiteBehavior [ RunTime:0.000018s ]
INFO: [ app_init ] --END-- [ RunTime:0.000429s ]
INFO: [ app_begin ] --START--
INFO: Run Behavior\ReadHtmlCacheBehavior [ RunTime:0.000528s ]
INFO: [ app_begin ] --END-- [ RunTime:0.000589s ]
INFO: [ view_parse ] --START--
INFO: [ template_filter ] --START--
INFO: Run Behavior\ContentReplaceBehavior [ RunTime:0.000118s ]
INFO: [ template_filter ] --END-- [ RunTime:0.000226s ]
NOTIC: [8] Undefined variable: jike_user /Users/zhangxue/ThinkPHP/thinkphp/Apps/Runtime/Cache/Views/85b1e10c117fa62dcc01889b5acfbca1.php 第 171 行.
INFO: Run Behavior\ParseTemplateBehavior [ RunTime:0.018558s ]
INFO: [ view_parse ] --END-- [ RunTime:0.018620s ]
INFO: [ view_filter ] --START--
INFO: Run Behavior\WriteHtmlCacheBehavior [ RunTime:0.000211s ]
INFO: [ view_filter ] --END-- [ RunTime:0.000256s ]
INFO: [ app_end ] --START--
INFO: Run Behavior\ShowPageTraceBehavior [ RunTime:0.000604s ]
INFO: [ app_end ] --END-- [ RunTime:0.000667s ]

[ 2016-11-14T21:22:15+08:00 ] 127.0.0.1 /thinkphp/index.php?s=/Index/friends.html
INFO: [ app_init ] --START--
INFO: Run Behavior\BuildLiteBehavior [ RunTime:0.000010s ]
INFO: [ app_init ] --END-- [ RunTime:0.000213s ]
INFO: [ app_begin ] --START--
INFO: Run Behavior\ReadHtmlCacheBehavior [ RunTime:0.000265s ]
INFO: [ app_begin ] --END-- [ RunTime:0.000295s ]
INFO: [ view_parse ] --START--
INFO: [ template_filter ] --START--
INFO: Run Behavior\ContentReplaceBehavior [ RunTime:0.000050s ]
INFO: [ template_filter ] --END-- [ RunTime:0.000223s ]
NOTIC: [8] Undefined variable: name /Users/zhangxue/ThinkPHP/thinkphp/Apps/Runtime/Cache/Views/5bbd5fd5864fc6039f34f3c74fe7f031.php 第 112 行.
NOTIC: [8] Undefined variable: name /Users/zhangxue/ThinkPHP/thinkphp/Apps/Runtime/Cache/Views/5bbd5fd5864fc6039f34f3c74fe7f031.php 第 112 行.
NOTIC: [8] Undefined variable: name /Users/zhangxue/ThinkPHP/thinkphp/Apps/Runtime/Cache/Views/5bbd5fd5864fc6039f34f3c74fe7f031.php 第 112 行.
NOTIC: [8] Undefined variable: name /Users/zhangxue/ThinkPHP/thinkphp/Apps/Runtime/Cache/Views/5bbd5fd5864fc6039f34f3c74fe7f031.php 第 112 行.
NOTIC: [8] Undefined variable: friend /Users/zhangxue/ThinkPHP/thinkphp/Apps/Runtime/Cache/Views/5bbd5fd5864fc6039f34f3c74fe7f031.php 第 127 行.
INFO: Run Behavior\ParseTemplateBehavior [ RunTime:0.010342s ]
INFO: [ view_parse ] --END-- [ RunTime:0.010373s ]
INFO: [ view_filter ] --START--
INFO: Run Behavior\WriteHtmlCacheBehavior [ RunTime:0.000106s ]
INFO: [ view_filter ] --END-- [ RunTime:0.000128s ]
INFO: [ app_end ] --START--
INFO: Run Behavior\ShowPageTraceBehavior [ RunTime:0.000323s ]
INFO: [ app_end ] --END-- [ RunTime:0.000350s ]

