[ 2016-11-08T21:09:24+08:00 ] 127.0.0.1 /thinkphp/index.php?_ijt=n59cp18seqnev88n88819sstbm
INFO: [ app_init ] --START--
INFO: Run Behavior\BuildLiteBehavior [ RunTime:0.000035s ]
INFO: [ app_init ] --END-- [ RunTime:0.004324s ]
INFO: [ app_begin ] --START--
INFO: Run Behavior\ReadHtmlCacheBehavior [ RunTime:0.004009s ]
INFO: [ app_begin ] --END-- [ RunTime:0.004251s ]
INFO: [ view_parse ] --START--
INFO: [ template_filter ] --START--
INFO: Run Behavior\ContentReplaceBehavior [ RunTime:0.003179s ]
INFO: [ template_filter ] --END-- [ RunTime:0.003286s ]
INFO: Run Behavior\ParseTemplateBehavior [ RunTime:0.030841s ]
INFO: [ view_parse ] --END-- [ RunTime:0.030938s ]
INFO: [ view_filter ] --START--
INFO: Run Behavior\WriteHtmlCacheBehavior [ RunTime:0.003422s ]
INFO: [ view_filter ] --END-- [ RunTime:0.003504s ]
INFO: [ app_end ] --START--
INFO: Run Behavior\ShowPageTraceBehavior [ RunTime:0.004112s ]
INFO: [ app_end ] --END-- [ RunTime:0.004244s ]

[ 2016-11-08T21:10:25+08:00 ] 127.0.0.1 /thinkphp/index.php?s=home
INFO: [ app_init ] --START--
INFO: Run Behavior\BuildLiteBehavior [ RunTime:0.000012s ]
INFO: [ app_init ] --END-- [ RunTime:0.003605s ]
INFO: [ app_begin ] --START--
INFO: Run Behavior\ReadHtmlCacheBehavior [ RunTime:0.000725s ]
INFO: [ app_begin ] --END-- [ RunTime:0.000877s ]
ERR: 无法加载控制器:Home

[ 2016-11-08T21:10:30+08:00 ] 127.0.0.1 /thinkphp/index.php?s=user
INFO: [ app_init ] --START--
INFO: Run Behavior\BuildLiteBehavior [ RunTime:0.000014s ]
INFO: [ app_init ] --END-- [ RunTime:0.000330s ]
INFO: [ app_begin ] --START--
INFO: Run Behavior\ReadHtmlCacheBehavior [ RunTime:0.000425s ]
INFO: [ app_begin ] --END-- [ RunTime:0.000473s ]
ERR: 无法加载控制器:User

